<?xml version="1.0" encoding="UTF-8"?>
<!-- Generated by org.testng.reporters.JUnitReportReporter -->
<testsuite hostname="LAPTOP-1JJOAAMM" name="DataProvider.TestDataProvider1" tests="3" failures="0" timestamp="11 Oct 2019 15:39:13 GMT" time="0.008" errors="0">
  <testcase name="login" time="0.000" classname="DataProvider.TestDataProvider1"/>
  <testcase name="login" time="0.001" classname="DataProvider.TestDataProvider1"/>
  <testcase name="login" time="0.007" classname="DataProvider.TestDataProvider1"/>
</testsuite> <!-- DataProvider.TestDataProvider1 -->
