<?xml version="1.0" encoding="UTF-8"?>
<!-- Generated by org.testng.reporters.JUnitReportReporter -->
<testsuite hostname="LAPTOP-1JJOAAMM" name="basicAnnotations.TestNGClass1" tests="6" failures="0" timestamp="11 Oct 2019 15:18:03 GMT" time="0.009" errors="0">
  <testcase name="test1" time="0.000" classname="basicAnnotations.TestNGClass1"/>
  <testcase name="test2" time="0.001" classname="basicAnnotations.TestNGClass1"/>
  <testcase name="test1" time="0.002" classname="basicAnnotations.TestNGClass1"/>
  <testcase name="test3" time="0.004" classname="basicAnnotations.TestNGClass1"/>
  <testcase name="test3" time="0.001" classname="basicAnnotations.TestNGClass1"/>
  <testcase name="test2" time="0.001" classname="basicAnnotations.TestNGClass1"/>
</testsuite> <!-- basicAnnotations.TestNGClass1 -->
