<?xml version="1.0" encoding="UTF-8"?>
<!-- Generated by org.testng.reporters.JUnitReportReporter -->
<testsuite hostname="LAPTOP-1JJOAAMM" name="basicAnnotations.TestNGClass2" tests="8" failures="0" timestamp="11 Oct 2019 15:18:03 GMT" time="0.004" errors="0">
  <testcase name="testcase1" time="0.001" classname="basicAnnotations.TestNGClass2"/>
  <testcase name="testcase2" time="0.000" classname="basicAnnotations.TestNGClass2"/>
  <testcase name="testcase3" time="0.002" classname="basicAnnotations.TestNGClass2"/>
  <testcase name="testcase2" time="0.000" classname="basicAnnotations.TestNGClass2"/>
  <testcase name="testcase1" time="0.001" classname="basicAnnotations.TestNGClass2"/>
  <testcase name="testcase4" time="0.000" classname="basicAnnotations.TestNGClass2"/>
  <testcase name="testcase3" time="0.000" classname="basicAnnotations.TestNGClass2"/>
  <testcase name="testcase4" time="0.000" classname="basicAnnotations.TestNGClass2"/>
</testsuite> <!-- basicAnnotations.TestNGClass2 -->
